# JRE version: 7.0_25-b15
# Java VM: Java HotSpot(TM) 64-Bit Server VM (23.25-b01 mixed mode linux-amd64 compressed oops)
Heap
 PSYoungGen      total 319936K, used 173452K [0x00000000ebd60000, 0x00000000fff60000, 0x0000000100000000)
  eden space 310784K, 54% used [0x00000000ebd60000,0x00000000f637f3e8,0x00000000fece0000)
  from space 9152K, 36% used [0x00000000ff670000,0x00000000ff9b4010,0x00000000fff60000)
  to   space 9472K, 0% used [0x00000000fece0000,0x00000000fece0000,0x00000000ff620000)
 ParOldGen       total 62272K, used 31142K [0x00000000c3800000, 0x00000000c74d0000, 0x00000000ebd60000)
  object space 62272K, 50% used [0x00000000c3800000,0x00000000c5669910,0x00000000c74d0000)
 PSPermGen       total 60416K, used 34603K [0x00000000be600000, 0x00000000c2100000, 0x00000000c3800000)
  object space 60416K, 57% used [0x00000000be600000,0x00000000c07cadb8,0x00000000c2100000)
GC Heap History (10 events):
Event: 8.467 GC heap before
{Heap before GC invocations=13 (full 0):
 PSYoungGen      total 319424K, used 313791K [0x00000000ebd60000, 0x0000000100000000, 0x0000000100000000)
  eden space 309056K, 100% used [0x00000000ebd60000,0x00000000feb30000,0x00000000feb30000)
  from space 10368K, 45% used [0x00000000ff500000,0x00000000ff99fd70,0x00000000fff20000)
  to   space 10048K, 0% used [0x00000000feb30000,0x00000000feb30000,0x00000000ff500000)
 ParOldGen       total 41280K, used 29228K [0x00000000c3800000, 0x00000000c6050000, 0x00000000ebd60000)
  object space 41280K, 70% used [0x00000000c3800000,0x00000000c548b218,0x00000000c6050000)
 PSPermGen       total 26816K, used 26784K [0x00000000be600000, 0x00000000c0030000, 0x00000000c3800000)
  object space 26816K, 99% used [0x00000000be600000,0x00000000c0028140,0x00000000c0030000)
Event: 8.476 GC heap after
Heap after GC invocations=13 (full 0):
 PSYoungGen      total 319104K, used 960K [0x00000000ebd60000, 0x0000000100000000, 0x0000000100000000)
  eden space 309056K, 0% used [0x00000000ebd60000,0x00000000ebd60000,0x00000000feb30000)
  from space 10048K, 9% used [0x00000000feb30000,0x00000000fec20000,0x00000000ff500000)
  to   space 10368K, 0% used [0x00000000ff5e0000,0x00000000ff5e0000,0x0000000100000000)
 ParOldGen       total 41280K, used 33303K [0x00000000c3800000, 0x00000000c6050000, 0x00000000ebd60000)
  object space 41280K, 80% used [0x00000000c3800000,0x00000000c5885e30,0x00000000c6050000)
 PSPermGen       total 26816K, used 26784K [0x00000000be600000, 0x00000000c0030000, 0x00000000c3800000)
  object space 26816K, 99% used [0x00000000be600000,0x00000000c0028140,0x00000000c0030000)
}
Event: 9.107 GC heap before
{Heap before GC invocations=14 (full 0):
 PSYoungGen      total 319104K, used 310016K [0x00000000ebd60000, 0x0000000100000000, 0x0000000100000000)
  eden space 309056K, 100% used [0x00000000ebd60000,0x00000000feb30000,0x00000000feb30000)
  from space 10048K, 9% used [0x00000000feb30000,0x00000000fec20000,0x00000000ff500000)
  to   space 10368K, 0% used [0x00000000ff5e0000,0x00000000ff5e0000,0x0000000100000000)
 ParOldGen       total 41280K, used 33303K [0x00000000c3800000, 0x00000000c6050000, 0x00000000ebd60000)
  object space 41280K, 80% used [0x00000000c3800000,0x00000000c5885e30,0x00000000c6050000)
 PSPermGen       total 27584K, used 27394K [0x00000000be600000, 0x00000000c00f0000, 0x00000000c3800000)
  object space 27584K, 99% used [0x00000000be600000,0x00000000c00c0828,0x00000000c00f0000)
Event: 9.117 GC heap after
Heap after GC invocations=14 (full 0):
 PSYoungGen      total 319616K, used 4944K [0x00000000ebd60000, 0x00000000fff50000, 0x0000000100000000)
  eden space 309952K, 0% used [0x00000000ebd60000,0x00000000ebd60000,0x00000000fec10000)
  from space 9664K, 51% used [0x00000000ff5e0000,0x00000000ffab4010,0x00000000fff50000)
  to   space 9856K, 0% used [0x00000000fec10000,0x00000000fec10000,0x00000000ff5b0000)
 ParOldGen       total 41280K, used 34193K [0x00000000c3800000, 0x00000000c6050000, 0x00000000ebd60000)
  object space 41280K, 82% used [0x00000000c3800000,0x00000000c5964770,0x00000000c6050000)
 PSPermGen       total 27584K, used 27394K [0x00000000be600000, 0x00000000c00f0000, 0x00000000c3800000)
  object space 27584K, 99% used [0x00000000be600000,0x00000000c00c0828,0x00000000c00f0000)
}
Event: 10.433 GC heap before
{Heap before GC invocations=15 (full 0):
 PSYoungGen      total 319616K, used 314896K [0x00000000ebd60000, 0x00000000fff50000, 0x0000000100000000)
  eden space 309952K, 100% used [0x00000000ebd60000,0x00000000fec10000,0x00000000fec10000)
  from space 9664K, 51% used [0x00000000ff5e0000,0x00000000ffab4010,0x00000000fff50000)
  to   space 9856K, 0% used [0x00000000fec10000,0x00000000fec10000,0x00000000ff5b0000)
 ParOldGen       total 41280K, used 34193K [0x00000000c3800000, 0x00000000c6050000, 0x00000000ebd60000)
  object space 41280K, 82% used [0x00000000c3800000,0x00000000c5964770,0x00000000c6050000)
 PSPermGen       total 30080K, used 30070K [0x00000000be600000, 0x00000000c0360000, 0x00000000c3800000)
  object space 30080K, 99% used [0x00000000be600000,0x00000000c035dba0,0x00000000c0360000)
Event: 10.449 GC heap after
Heap after GC invocations=15 (full 0):
 PSYoungGen      total 319808K, used 2896K [0x00000000ebd60000, 0x00000000ffff0000, 0x0000000100000000)
  eden space 309952K, 0% used [0x00000000ebd60000,0x00000000ebd60000,0x00000000fec10000)
  from space 9856K, 29% used [0x00000000fec10000,0x00000000feee4010,0x00000000ff5b0000)
  to   space 9728K, 0% used [0x00000000ff670000,0x00000000ff670000,0x00000000ffff0000)
 ParOldGen       total 41280K, used 38920K [0x00000000c3800000, 0x00000000c6050000, 0x00000000ebd60000)
  object space 41280K, 94% used [0x00000000c3800000,0x00000000c5e02020,0x00000000c6050000)
 PSPermGen       total 30080K, used 30070K [0x00000000be600000, 0x00000000c0360000, 0x00000000c3800000)
  object space 30080K, 99% used [0x00000000be600000,0x00000000c035dba0,0x00000000c0360000)
}
Event: 10.449 GC heap before
{Heap before GC invocations=16 (full 1):
 PSYoungGen      total 319808K, used 2896K [0x00000000ebd60000, 0x00000000ffff0000, 0x0000000100000000)
  eden space 309952K, 0% used [0x00000000ebd60000,0x00000000ebd60000,0x00000000fec10000)
  from space 9856K, 29% used [0x00000000fec10000,0x00000000feee4010,0x00000000ff5b0000)
  to   space 9728K, 0% used [0x00000000ff670000,0x00000000ff670000,0x00000000ffff0000)
 ParOldGen       total 41280K, used 38920K [0x00000000c3800000, 0x00000000c6050000, 0x00000000ebd60000)
  object space 41280K, 94% used [0x00000000c3800000,0x00000000c5e02020,0x00000000c6050000)
 PSPermGen       total 30080K, used 30070K [0x00000000be600000, 0x00000000c0360000, 0x00000000c3800000)
  object space 30080K, 99% used [0x00000000be600000,0x00000000c035dba0,0x00000000c0360000)
Event: 10.757 GC heap after
Heap after GC invocations=16 (full 1):
 PSYoungGen      total 319808K, used 0K [0x00000000ebd60000, 0x00000000ffff0000, 0x0000000100000000)
  eden space 309952K, 0% used [0x00000000ebd60000,0x00000000ebd60000,0x00000000fec10000)
  from space 9856K, 0% used [0x00000000fec10000,0x00000000fec10000,0x00000000ff5b0000)
  to   space 9728K, 0% used [0x00000000ff670000,0x00000000ff670000,0x00000000ffff0000)
 ParOldGen       total 62272K, used 31142K [0x00000000c3800000, 0x00000000c74d0000, 0x00000000ebd60000)
  object space 62272K, 50% used [0x00000000c3800000,0x00000000c5669910,0x00000000c74d0000)
 PSPermGen       total 60416K, used 30052K [0x00000000be600000, 0x00000000c2100000, 0x00000000c3800000)
  object space 60416K, 49% used [0x00000000be600000,0x00000000c0359110,0x00000000c2100000)
}
Event: 11.857 GC heap before
{Heap before GC invocations=17 (full 1):
 PSYoungGen      total 319808K, used 309952K [0x00000000ebd60000, 0x00000000ffff0000, 0x0000000100000000)
  eden space 309952K, 100% used [0x00000000ebd60000,0x00000000fec10000,0x00000000fec10000)
  from space 9856K, 0% used [0x00000000fec10000,0x00000000fec10000,0x00000000ff5b0000)
  to   space 9728K, 0% used [0x00000000ff670000,0x00000000ff670000,0x00000000ffff0000)
 ParOldGen       total 62272K, used 31142K [0x00000000c3800000, 0x00000000c74d0000, 0x00000000ebd60000)
  object space 62272K, 50% used [0x00000000c3800000,0x00000000c5669910,0x00000000c74d0000)
 PSPermGen       total 60416K, used 32142K [0x00000000be600000, 0x00000000c2100000, 0x00000000c3800000)
  object space 60416K, 53% used [0x00000000be600000,0x00000000c0563878,0x00000000c2100000)
Event: 11.864 GC heap after
Heap after GC invocations=17 (full 1):
 PSYoungGen      total 319936K, used 3344K [0x00000000ebd60000, 0x00000000fff60000, 0x0000000100000000)
  eden space 310784K, 0% used [0x00000000ebd60000,0x00000000ebd60000,0x00000000fece0000)
  from space 9152K, 36% used [0x00000000ff670000,0x00000000ff9b4010,0x00000000fff60000)
  to   space 9472K, 0% used [0x00000000fece0000,0x00000000fece0000,0x00000000ff620000)
 ParOldGen       total 62272K, used 31142K [0x00000000c3800000, 0x00000000c74d0000, 0x00000000ebd60000)
  object space 62272K, 50% used [0x00000000c3800000,0x00000000c5669910,0x00000000c74d0000)
 PSPermGen       total 60416K, used 32142K [0x00000000be600000, 0x00000000c2100000, 0x00000000c3800000)
  object space 60416K, 53% used [0x00000000be600000,0x00000000c0563878,0x00000000c2100000)
}

